Performing C SOURCE FILE Test CMAKE_HAVE_LIBC_PTHREAD failed with the following output:
Change Dir: D:/falseking/build/CMakeFiles/CMakeScratch/TryCompile-atukqc

Run Build Command(s):C:/Program Files/Microsoft Visual Studio/2022/Community/MSBuild/Current/Bin/amd64/MSBuild.exe cmTC_17510.vcxproj /p:Configuration=Debug /p:Platform=x64 /p:VisualStudioVersion=17.0 /v:m && MSBuild version 17.4.1+9a89d02ff for .NET Framework
  Microsoft (R) C/C++ Optimizing Compiler Version 19.34.31937 for x64
  src.c
  Copyright (C) Microsoft Corporation.  All rights reserved.
  cl /c /Zi /W1 /WX- /diagnostics:column /Od /Ob0 /D _MBCS /D WIN32 /D _WINDOWS /D CMAKE_HAVE_LIBC_PTHREAD /D "CMAKE_INTDIR=\"Debug\"" /Gm- /RTC1 /MDd /GS /fp:precise /Zc:wchar_t /Zc:forScope /Zc:inline /Fo"cmTC_17510.dir\Debug\\" /Fd"cmTC_17510.dir\Debug\vc143.pdb" /external:W1 /Gd /TC /errorReport:queue "D:\falseking\build\CMakeFiles\CMakeScratch\TryCompile-atukqc\src.c"
D:\falseking\build\CMakeFiles\CMakeScratch\TryCompile-atukqc\src.c(1,10): fatal  error C1083: Cannot open include file: 'pthread.h': No such file or directory [D:\falseking\build\CMakeFiles\CMakeScratch\TryCompile-atukqc\cmTC_17510.vcxproj]


Source file was:
#include <pthread.h>

static void* test_func(void* data)
{
  return data;
}

int main(void)
{
  pthread_t thread;
  pthread_create(&thread, NULL, test_func, NULL);
  pthread_detach(thread);
  pthread_cancel(thread);
  pthread_join(thread, NULL);
  pthread_atfork(NULL, NULL, NULL);
  pthread_exit(NULL);

  return 0;
}


Determining if the function pthread_create exists in the pthreads failed with the following output:
Change Dir: D:/falseking/build/CMakeFiles/CMakeScratch/TryCompile-5fb0ey

Run Build Command(s):C:/Program Files/Microsoft Visual Studio/2022/Community/MSBuild/Current/Bin/amd64/MSBuild.exe cmTC_4b77c.vcxproj /p:Configuration=Debug /p:Platform=x64 /p:VisualStudioVersion=17.0 /v:m && MSBuild version 17.4.1+9a89d02ff for .NET Framework
  Microsoft (R) C/C++ Optimizing Compiler Version 19.34.31937 for x64
  CheckFunctionExists.c
  Copyright (C) Microsoft Corporation.  All rights reserved.
  cl /c /Zi /W1 /WX- /diagnostics:column /Od /Ob0 /D _MBCS /D WIN32 /D _WINDOWS /D CHECK_FUNCTION_EXISTS=pthread_create /D "CMAKE_INTDIR=\"Debug\"" /Gm- /RTC1 /MDd /GS /fp:precise /Zc:wchar_t /Zc:forScope /Zc:inline /Fo"cmTC_4b77c.dir\Debug\\" /Fd"cmTC_4b77c.dir\Debug\vc143.pdb" /external:W1 /Gd /TC /errorReport:queue "D:\falseking\build\CMakeFiles\CMakeScratch\TryCompile-5fb0ey\CheckFunctionExists.c"
LINK : fatal error LNK1104: cannot open file 'pthreads.lib' [D:\falseking\build\CMakeFiles\CMakeScratch\TryCompile-5fb0ey\cmTC_4b77c.vcxproj]



Determining if the function pthread_create exists in the pthread failed with the following output:
Change Dir: D:/falseking/build/CMakeFiles/CMakeScratch/TryCompile-nyjste

Run Build Command(s):C:/Program Files/Microsoft Visual Studio/2022/Community/MSBuild/Current/Bin/amd64/MSBuild.exe cmTC_5b5a6.vcxproj /p:Configuration=Debug /p:Platform=x64 /p:VisualStudioVersion=17.0 /v:m && MSBuild version 17.4.1+9a89d02ff for .NET Framework
  Microsoft (R) C/C++ Optimizing Compiler Version 19.34.31937 for x64
  CheckFunctionExists.c
  Copyright (C) Microsoft Corporation.  All rights reserved.
  cl /c /Zi /W1 /WX- /diagnostics:column /Od /Ob0 /D _MBCS /D WIN32 /D _WINDOWS /D CHECK_FUNCTION_EXISTS=pthread_create /D "CMAKE_INTDIR=\"Debug\"" /Gm- /RTC1 /MDd /GS /fp:precise /Zc:wchar_t /Zc:forScope /Zc:inline /Fo"cmTC_5b5a6.dir\Debug\\" /Fd"cmTC_5b5a6.dir\Debug\vc143.pdb" /external:W1 /Gd /TC /errorReport:queue "D:\falseking\build\CMakeFiles\CMakeScratch\TryCompile-nyjste\CheckFunctionExists.c"
LINK : fatal error LNK1104: cannot open file 'pthread.lib' [D:\falseking\build\CMakeFiles\CMakeScratch\TryCompile-nyjste\cmTC_5b5a6.vcxproj]



Determining if the __GLIBC__ exist failed with the following output:
Change Dir: D:/falseking/build/CMakeFiles/CMakeScratch/TryCompile-93a6eq

Run Build Command(s):C:/Program Files/Microsoft Visual Studio/2022/Community/MSBuild/Current/Bin/amd64/MSBuild.exe cmTC_662dd.vcxproj /p:Configuration=Debug /p:Platform=x64 /p:VisualStudioVersion=17.0 /v:m && MSBuild version 17.4.1+9a89d02ff for .NET Framework
  Microsoft (R) C/C++ Optimizing Compiler Version 19.34.31937 for x64
  CheckSymbolExists.c
  Copyright (C) Microsoft Corporation.  All rights reserved.
  cl /c /Zi /W1 /WX- /diagnostics:column /Od /Ob0 /D _MBCS /D WIN32 /D _WINDOWS /D "CMAKE_INTDIR=\"Debug\"" /Gm- /RTC1 /MDd /GS /fp:precise /Zc:wchar_t /Zc:forScope /Zc:inline /Fo"cmTC_662dd.dir\Debug\\" /Fd"cmTC_662dd.dir\Debug\vc143.pdb" /external:W1 /Gd /TC /errorReport:queue "D:\falseking\build\CMakeFiles\CMakeScratch\TryCompile-93a6eq\CheckSymbolExists.c"
D:\falseking\build\CMakeFiles\CMakeScratch\TryCompile-93a6eq\CheckSymbolExists.c(8,28): error C2065: '__GLIBC__': undeclared identifier [D:\falseking\build\CMakeFiles\CMakeScratch\TryCompile-93a6eq\cmTC_662dd.vcxproj]


File CheckSymbolExists.c:
/* */
#include <stdlib.h>

int main(int argc, char** argv)
{
  (void)argv;
#ifndef __GLIBC__
  return ((int*)(&__GLIBC__))[argc];
#else
  (void)argc;
  return 0;
#endif
}
Performing C SOURCE FILE Test CHECK_CPU_ARCHITECTURE_X86 failed with the following output:
Change Dir: D:/falseking/build/CMakeFiles/CMakeScratch/TryCompile-i021xu

Run Build Command(s):C:/Program Files/Microsoft Visual Studio/2022/Community/MSBuild/Current/Bin/amd64/MSBuild.exe cmTC_add29.vcxproj /p:Configuration=Debug /p:Platform=x64 /p:VisualStudioVersion=17.0 /v:m && MSBuild version 17.4.1+9a89d02ff for .NET Framework
  Microsoft (R) C/C++ Optimizing Compiler Version 19.34.31937 for x64
  src.c
D:\falseking\build\CMakeFiles\CMakeScratch\TryCompile-i021xu\src.c(8,1): error C2065: 'choke': undeclared identifier [D:\falseking\build\CMakeFiles\CMakeScratch\TryCompile-i021xu\cmTC_add29.vcxproj]
D:\falseking\build\CMakeFiles\CMakeScratch\TryCompile-i021xu\src.c(8,1): error C2143: syntax error: missing ';' before '}' [D:\falseking\build\CMakeFiles\CMakeScratch\TryCompile-i021xu\cmTC_add29.vcxproj]
  Copyright (C) Microsoft Corporation.  All rights reserved.
  cl /c /Zi /W1 /WX- /diagnostics:column /Od /Ob0 /D _MBCS /D WIN32 /D _WINDOWS /D CHECK_CPU_ARCHITECTURE_X86 /D "CMAKE_INTDIR=\"Debug\"" /Gm- /RTC1 /MDd /GS /fp:precise /Zc:wchar_t /Zc:forScope /Zc:inline /Fo"cmTC_add29.dir\Debug\\" /Fd"cmTC_add29.dir\Debug\vc143.pdb" /external:W1 /Gd /TC /errorReport:queue "D:\falseking\build\CMakeFiles\CMakeScratch\TryCompile-i021xu\src.c"


Source file was:

int main(int argc, char *argv[]) {
#if defined(__i386__) || defined(__i486__) || defined(__i586__) || defined(__i686__) ||defined( __i386) || defined(_M_IX86)
  return 0;
#else
  choke
#endif
}


Performing C SOURCE FILE Test CHECK_CPU_ARCHITECTURE_ARM32 failed with the following output:
Change Dir: D:/falseking/build/CMakeFiles/CMakeScratch/TryCompile-02f5ou

Run Build Command(s):C:/Program Files/Microsoft Visual Studio/2022/Community/MSBuild/Current/Bin/amd64/MSBuild.exe cmTC_6a99e.vcxproj /p:Configuration=Debug /p:Platform=x64 /p:VisualStudioVersion=17.0 /v:m && MSBuild version 17.4.1+9a89d02ff for .NET Framework
  Microsoft (R) C/C++ Optimizing Compiler Version 19.34.31937 for x64
  src.c
D:\falseking\build\CMakeFiles\CMakeScratch\TryCompile-02f5ou\src.c(8,1): error C2065: 'choke': undeclared identifier [D:\falseking\build\CMakeFiles\CMakeScratch\TryCompile-02f5ou\cmTC_6a99e.vcxproj]
D:\falseking\build\CMakeFiles\CMakeScratch\TryCompile-02f5ou\src.c(8,1): error C2143: syntax error: missing ';' before '}' [D:\falseking\build\CMakeFiles\CMakeScratch\TryCompile-02f5ou\cmTC_6a99e.vcxproj]
  Copyright (C) Microsoft Corporation.  All rights reserved.
  cl /c /Zi /W1 /WX- /diagnostics:column /Od /Ob0 /D _MBCS /D WIN32 /D _WINDOWS /D CHECK_CPU_ARCHITECTURE_ARM32 /D "CMAKE_INTDIR=\"Debug\"" /Gm- /RTC1 /MDd /GS /fp:precise /Zc:wchar_t /Zc:forScope /Zc:inline /Fo"cmTC_6a99e.dir\Debug\\" /Fd"cmTC_6a99e.dir\Debug\vc143.pdb" /external:W1 /Gd /TC /errorReport:queue "D:\falseking\build\CMakeFiles\CMakeScratch\TryCompile-02f5ou\src.c"


Source file was:

int main(int argc, char *argv[]) {
#if defined(__arm__) || defined(_M_ARM)
  return 0;
#else
  choke
#endif
}


Performing C SOURCE FILE Test CHECK_CPU_ARCHITECTURE_ARM64 failed with the following output:
Change Dir: D:/falseking/build/CMakeFiles/CMakeScratch/TryCompile-3gvs1m

Run Build Command(s):C:/Program Files/Microsoft Visual Studio/2022/Community/MSBuild/Current/Bin/amd64/MSBuild.exe cmTC_1bd8d.vcxproj /p:Configuration=Debug /p:Platform=x64 /p:VisualStudioVersion=17.0 /v:m && MSBuild version 17.4.1+9a89d02ff for .NET Framework
  Microsoft (R) C/C++ Optimizing Compiler Version 19.34.31937 for x64
  src.c
D:\falseking\build\CMakeFiles\CMakeScratch\TryCompile-3gvs1m\src.c(8,1): error C2065: 'choke': undeclared identifier [D:\falseking\build\CMakeFiles\CMakeScratch\TryCompile-3gvs1m\cmTC_1bd8d.vcxproj]
D:\falseking\build\CMakeFiles\CMakeScratch\TryCompile-3gvs1m\src.c(8,1): error C2143: syntax error: missing ';' before '}' [D:\falseking\build\CMakeFiles\CMakeScratch\TryCompile-3gvs1m\cmTC_1bd8d.vcxproj]
  Copyright (C) Microsoft Corporation.  All rights reserved.
  cl /c /Zi /W1 /WX- /diagnostics:column /Od /Ob0 /D _MBCS /D WIN32 /D _WINDOWS /D CHECK_CPU_ARCHITECTURE_ARM64 /D "CMAKE_INTDIR=\"Debug\"" /Gm- /RTC1 /MDd /GS /fp:precise /Zc:wchar_t /Zc:forScope /Zc:inline /Fo"cmTC_1bd8d.dir\Debug\\" /Fd"cmTC_1bd8d.dir\Debug\vc143.pdb" /external:W1 /Gd /TC /errorReport:queue "D:\falseking\build\CMakeFiles\CMakeScratch\TryCompile-3gvs1m\src.c"


Source file was:

int main(int argc, char *argv[]) {
#if defined(__aarch64__) || defined(_M_ARM64)
  return 0;
#else
  choke
#endif
}


Performing C SOURCE FILE Test CHECK_CPU_ARCHITECTURE_LOONGARCH64 failed with the following output:
Change Dir: D:/falseking/build/CMakeFiles/CMakeScratch/TryCompile-h21oig

Run Build Command(s):C:/Program Files/Microsoft Visual Studio/2022/Community/MSBuild/Current/Bin/amd64/MSBuild.exe cmTC_19ecb.vcxproj /p:Configuration=Debug /p:Platform=x64 /p:VisualStudioVersion=17.0 /v:m && MSBuild version 17.4.1+9a89d02ff for .NET Framework
  Microsoft (R) C/C++ Optimizing Compiler Version 19.34.31937 for x64
  src.c
D:\falseking\build\CMakeFiles\CMakeScratch\TryCompile-h21oig\src.c(8,1): error C2065: 'choke': undeclared identifier [D:\falseking\build\CMakeFiles\CMakeScratch\TryCompile-h21oig\cmTC_19ecb.vcxproj]
D:\falseking\build\CMakeFiles\CMakeScratch\TryCompile-h21oig\src.c(8,1): error C2143: syntax error: missing ';' before '}' [D:\falseking\build\CMakeFiles\CMakeScratch\TryCompile-h21oig\cmTC_19ecb.vcxproj]
  Copyright (C) Microsoft Corporation.  All rights reserved.
  cl /c /Zi /W1 /WX- /diagnostics:column /Od /Ob0 /D _MBCS /D WIN32 /D _WINDOWS /D CHECK_CPU_ARCHITECTURE_LOONGARCH64 /D "CMAKE_INTDIR=\"Debug\"" /Gm- /RTC1 /MDd /GS /fp:precise /Zc:wchar_t /Zc:forScope /Zc:inline /Fo"cmTC_19ecb.dir\Debug\\" /Fd"cmTC_19ecb.dir\Debug\vc143.pdb" /external:W1 /Gd /TC /errorReport:queue "D:\falseking\build\CMakeFiles\CMakeScratch\TryCompile-h21oig\src.c"


Source file was:

int main(int argc, char *argv[]) {
#if defined(__loongarch64)
  return 0;
#else
  choke
#endif
}


Performing C SOURCE FILE Test HAVE_WL_VERSION_SCRIPT failed with the following output:
Change Dir: D:/falseking/build/CMakeFiles/CMakeScratch/TryCompile-msu5kz

Run Build Command(s):C:/Program Files/Microsoft Visual Studio/2022/Community/MSBuild/Current/Bin/amd64/MSBuild.exe cmTC_6142c.vcxproj /p:Configuration=Debug /p:Platform=x64 /p:VisualStudioVersion=17.0 /v:m && MSBuild version 17.4.1+9a89d02ff for .NET Framework
  Microsoft (R) C/C++ Optimizing Compiler Version 19.34.31937 for x64
  src.c
  Copyright (C) Microsoft Corporation.  All rights reserved.
  cl /c /Zi /W1 /WX- /diagnostics:column /Od /Ob0 /D _MBCS /D WIN32 /D _WINDOWS /D HAVE_WL_VERSION_SCRIPT /D "CMAKE_INTDIR=\"Debug\"" /Gm- /MDd /GS /fp:precise /Zc:wchar_t /Zc:forScope /Zc:inline /Fo"cmTC_6142c.dir\Debug\\" /Fd"cmTC_6142c.dir\Debug\vc143.pdb" /external:W1 /Gd /TC /errorReport:queue "D:\falseking\build\CMakeFiles\CMakeScratch\TryCompile-msu5kz\src.c"
LINK : warning LNK4044: unrecognized option '/Wl,--version-script=D:/falseking/deps/sdl/src/dynapi/SDL_dynapi.sym'; ignored [D:\falseking\build\CMakeFiles\CMakeScratch\TryCompile-msu5kz\cmTC_6142c.vcxproj]
  cmTC_6142c.vcxproj -> D:\falseking\build\CMakeFiles\CMakeScratch\TryCompile-msu5kz\Debug\cmTC_6142c.exe


Source file was:
int main(void) { return 0; }

Performing C SOURCE FILE Test HAVE_XINPUT_GAMEPAD_EX failed with the following output:
Change Dir: D:/falseking/build/CMakeFiles/CMakeScratch/TryCompile-m2dcif

Run Build Command(s):C:/Program Files/Microsoft Visual Studio/2022/Community/MSBuild/Current/Bin/amd64/MSBuild.exe cmTC_483ec.vcxproj /p:Configuration=Debug /p:Platform=x64 /p:VisualStudioVersion=17.0 /v:m && MSBuild version 17.4.1+9a89d02ff for .NET Framework
  Microsoft (R) C/C++ Optimizing Compiler Version 19.34.31937 for x64
  src.c
  Copyright (C) Microsoft Corporation.  All rights reserved.
  cl /c /Zi /W1 /WX- /diagnostics:column /Od /Ob0 /D _MBCS /D WIN32 /D _WINDOWS /D HAVE_XINPUT_GAMEPAD_EX /D "CMAKE_INTDIR=\"Debug\"" /Gm- /MDd /GS /fp:precise /Zc:wchar_t /Zc:forScope /Zc:inline /Fo"cmTC_483ec.dir\Debug\\" /Fd"cmTC_483ec.dir\Debug\vc143.pdb" /external:W1 /Gd /TC /errorReport:queue "D:\falseking\build\CMakeFiles\CMakeScratch\TryCompile-m2dcif\src.c"
D:\falseking\build\CMakeFiles\CMakeScratch\TryCompile-m2dcif\src.c(4,25): error C2061: syntax error: identifier 'x1' [D:\falseking\build\CMakeFiles\CMakeScratch\TryCompile-m2dcif\cmTC_483ec.vcxproj]
D:\falseking\build\CMakeFiles\CMakeScratch\TryCompile-m2dcif\src.c(4,25): error C2059: syntax error: ';' [D:\falseking\build\CMakeFiles\CMakeScratch\TryCompile-m2dcif\cmTC_483ec.vcxproj]


Source file was:

      #include <windows.h>
      #include <xinput.h>
      XINPUT_GAMEPAD_EX x1;
      int main(int argc, char **argv) { return 0; }

Performing C SOURCE FILE Test HAVE_XINPUT_STATE_EX failed with the following output:
Change Dir: D:/falseking/build/CMakeFiles/CMakeScratch/TryCompile-bkxhjw

Run Build Command(s):C:/Program Files/Microsoft Visual Studio/2022/Community/MSBuild/Current/Bin/amd64/MSBuild.exe cmTC_50461.vcxproj /p:Configuration=Debug /p:Platform=x64 /p:VisualStudioVersion=17.0 /v:m && MSBuild version 17.4.1+9a89d02ff for .NET Framework
  Microsoft (R) C/C++ Optimizing Compiler Version 19.34.31937 for x64
  src.c
  Copyright (C) Microsoft Corporation.  All rights reserved.
  cl /c /Zi /W1 /WX- /diagnostics:column /Od /Ob0 /D _MBCS /D WIN32 /D _WINDOWS /D HAVE_XINPUT_STATE_EX /D "CMAKE_INTDIR=\"Debug\"" /Gm- /MDd /GS /fp:precise /Zc:wchar_t /Zc:forScope /Zc:inline /Fo"cmTC_50461.dir\Debug\\" /Fd"cmTC_50461.dir\Debug\vc143.pdb" /external:W1 /Gd /TC /errorReport:queue "D:\falseking\build\CMakeFiles\CMakeScratch\TryCompile-bkxhjw\src.c"
D:\falseking\build\CMakeFiles\CMakeScratch\TryCompile-bkxhjw\src.c(4,23): error C2061: syntax error: identifier 's1' [D:\falseking\build\CMakeFiles\CMakeScratch\TryCompile-bkxhjw\cmTC_50461.vcxproj]
D:\falseking\build\CMakeFiles\CMakeScratch\TryCompile-bkxhjw\src.c(4,23): error C2059: syntax error: ';' [D:\falseking\build\CMakeFiles\CMakeScratch\TryCompile-bkxhjw\cmTC_50461.vcxproj]


Source file was:

      #include <windows.h>
      #include <xinput.h>
      XINPUT_STATE_EX s1;
      int main(int argc, char **argv) { return 0; }

